<?xml version="1.0" encoding="UTF-8"?>
<coverage generated="1680703139395" clover="3.2.0">
  <project timestamp="1680703139395" name="All files">
    <metrics statements="150" coveredstatements="124" conditionals="36" coveredconditionals="18" methods="16" coveredmethods="13" elements="202" coveredelements="155" complexity="0" loc="150" ncloc="150" packages="6" files="12" classes="12"/>
    <package name="src">
      <metrics statements="12" coveredstatements="12" conditionals="0" coveredconditionals="0" methods="0" coveredmethods="0"/>
      <file name="app.ts" path="/Users/Aweds/Desktop/kotani-test/src/app.ts">
        <metrics statements="12" coveredstatements="12" conditionals="0" coveredconditionals="0" methods="0" coveredmethods="0"/>
        <line num="1" count="1" type="stmt"/>
        <line num="3" count="1" type="stmt"/>
        <line num="5" count="1" type="stmt"/>
        <line num="7" count="1" type="stmt"/>
        <line num="9" count="1" type="stmt"/>
        <line num="11" count="1" type="stmt"/>
        <line num="13" count="1" type="stmt"/>
        <line num="15" count="1" type="stmt"/>
        <line num="17" count="1" type="stmt"/>
        <line num="19" count="1" type="stmt"/>
        <line num="21" count="1" type="stmt"/>
        <line num="23" count="1" type="stmt"/>
      </file>
    </package>
    <package name="src.components">
      <metrics statements="6" coveredstatements="6" conditionals="0" coveredconditionals="0" methods="0" coveredmethods="0"/>
      <file name="components-route.routes.ts" path="/Users/Aweds/Desktop/kotani-test/src/components/components-route.routes.ts">
        <metrics statements="6" coveredstatements="6" conditionals="0" coveredconditionals="0" methods="0" coveredmethods="0"/>
        <line num="1" count="1" type="stmt"/>
        <line num="2" count="1" type="stmt"/>
        <line num="3" count="1" type="stmt"/>
        <line num="5" count="1" type="stmt"/>
        <line num="7" count="1" type="stmt"/>
        <line num="9" count="1" type="stmt"/>
      </file>
    </package>
    <package name="src.components.accounts">
      <metrics statements="25" coveredstatements="23" conditionals="1" coveredconditionals="1" methods="2" coveredmethods="2"/>
      <file name="account.actions.ts" path="/Users/Aweds/Desktop/kotani-test/src/components/accounts/account.actions.ts">
        <metrics statements="16" coveredstatements="14" conditionals="1" coveredconditionals="1" methods="2" coveredmethods="2"/>
        <line num="2" count="1" type="stmt"/>
        <line num="3" count="1" type="stmt"/>
        <line num="4" count="1" type="stmt"/>
        <line num="7" count="1" type="stmt"/>
        <line num="8" count="1" type="stmt"/>
        <line num="9" count="1" type="stmt"/>
        <line num="11" count="0" type="stmt"/>
        <line num="20" count="2" type="stmt"/>
        <line num="22" count="2" type="stmt"/>
        <line num="24" count="2" type="cond" truecount="1" falsecount="0"/>
        <line num="25" count="1" type="stmt"/>
        <line num="27" count="1" type="stmt"/>
        <line num="28" count="1" type="stmt"/>
        <line num="29" count="1" type="stmt"/>
        <line num="31" count="0" type="stmt"/>
        <line num="35" count="1" type="stmt"/>
      </file>
      <file name="account.model.ts" path="/Users/Aweds/Desktop/kotani-test/src/components/accounts/account.model.ts">
        <metrics statements="3" coveredstatements="3" conditionals="0" coveredconditionals="0" methods="0" coveredmethods="0"/>
        <line num="2" count="1" type="stmt"/>
        <line num="4" count="1" type="stmt"/>
        <line num="11" count="1" type="stmt"/>
      </file>
      <file name="account.routes.ts" path="/Users/Aweds/Desktop/kotani-test/src/components/accounts/account.routes.ts">
        <metrics statements="6" coveredstatements="6" conditionals="0" coveredconditionals="0" methods="0" coveredmethods="0"/>
        <line num="1" count="1" type="stmt"/>
        <line num="2" count="1" type="stmt"/>
        <line num="3" count="1" type="stmt"/>
        <line num="5" count="1" type="stmt"/>
        <line num="7" count="1" type="stmt"/>
        <line num="11" count="1" type="stmt"/>
      </file>
    </package>
    <package name="src.components.transactions">
      <metrics statements="26" coveredstatements="25" conditionals="4" coveredconditionals="4" methods="1" coveredmethods="1"/>
      <file name="transaction.actions.ts" path="/Users/Aweds/Desktop/kotani-test/src/components/transactions/transaction.actions.ts">
        <metrics statements="17" coveredstatements="16" conditionals="4" coveredconditionals="4" methods="1" coveredmethods="1"/>
        <line num="1" count="1" type="stmt"/>
        <line num="2" count="1" type="stmt"/>
        <line num="4" count="1" type="stmt"/>
        <line num="5" count="1" type="stmt"/>
        <line num="12" count="2" type="stmt"/>
        <line num="14" count="2" type="cond" truecount="3" falsecount="0"/>
        <line num="15" count="1" type="stmt"/>
        <line num="17" count="1" type="stmt"/>
        <line num="23" count="1" type="stmt"/>
        <line num="24" count="1" type="stmt"/>
        <line num="26" count="1" type="cond" truecount="1" falsecount="0"/>
        <line num="27" count="1" type="stmt"/>
        <line num="30" count="1" type="stmt"/>
        <line num="32" count="1" type="stmt"/>
        <line num="38" count="1" type="stmt"/>
        <line num="45" count="0" type="stmt"/>
        <line num="49" count="1" type="stmt"/>
      </file>
      <file name="transaction.model.ts" path="/Users/Aweds/Desktop/kotani-test/src/components/transactions/transaction.model.ts">
        <metrics statements="3" coveredstatements="3" conditionals="0" coveredconditionals="0" methods="0" coveredmethods="0"/>
        <line num="2" count="1" type="stmt"/>
        <line num="4" count="1" type="stmt"/>
        <line num="26" count="1" type="stmt"/>
      </file>
      <file name="transaction.routes.ts" path="/Users/Aweds/Desktop/kotani-test/src/components/transactions/transaction.routes.ts">
        <metrics statements="6" coveredstatements="6" conditionals="0" coveredconditionals="0" methods="0" coveredmethods="0"/>
        <line num="1" count="1" type="stmt"/>
        <line num="2" count="1" type="stmt"/>
        <line num="3" count="1" type="stmt"/>
        <line num="5" count="1" type="stmt"/>
        <line num="7" count="1" type="stmt"/>
        <line num="13" count="1" type="stmt"/>
      </file>
    </package>
    <package name="src.services">
      <metrics statements="26" coveredstatements="26" conditionals="1" coveredconditionals="0" methods="6" coveredmethods="5"/>
      <file name="db.ts" path="/Users/Aweds/Desktop/kotani-test/src/services/db.ts">
        <metrics statements="9" coveredstatements="9" conditionals="0" coveredconditionals="0" methods="4" coveredmethods="3"/>
        <line num="1" count="1" type="stmt"/>
        <line num="2" count="1" type="stmt"/>
        <line num="4" count="1" type="stmt"/>
        <line num="5" count="1" type="stmt"/>
        <line num="8" count="1" type="stmt"/>
        <line num="9" count="1" type="stmt"/>
        <line num="12" count="1" type="stmt"/>
        <line num="16" count="1" type="stmt"/>
        <line num="19" count="1" type="stmt"/>
      </file>
      <file name="web3.ts" path="/Users/Aweds/Desktop/kotani-test/src/services/web3.ts">
        <metrics statements="17" coveredstatements="17" conditionals="1" coveredconditionals="0" methods="2" coveredmethods="2"/>
        <line num="1" count="1" type="stmt"/>
        <line num="5" count="1" type="stmt"/>
        <line num="7" count="1" type="stmt"/>
        <line num="9" count="1" type="stmt"/>
        <line num="11" count="1" type="stmt"/>
        <line num="18" count="1" type="stmt"/>
        <line num="20" count="1" type="stmt"/>
        <line num="22" count="1" type="stmt"/>
        <line num="24" count="1" type="stmt"/>
        <line num="36" count="1" type="stmt"/>
        <line num="43" count="1" type="stmt"/>
        <line num="49" count="1" type="stmt"/>
        <line num="52" count="1" type="stmt"/>
        <line num="55" count="1" type="stmt"/>
        <line num="65" count="1" type="stmt"/>
        <line num="71" count="1" type="stmt"/>
        <line num="75" count="1" type="stmt"/>
      </file>
    </package>
    <package name="src.utils">
      <metrics statements="55" coveredstatements="32" conditionals="30" coveredconditionals="13" methods="7" coveredmethods="5"/>
      <file name="config.ts" path="/Users/Aweds/Desktop/kotani-test/src/utils/config.ts">
        <metrics statements="3" coveredstatements="3" conditionals="0" coveredconditionals="0" methods="0" coveredmethods="0"/>
        <line num="1" count="1" type="stmt"/>
        <line num="2" count="1" type="stmt"/>
        <line num="4" count="1" type="stmt"/>
      </file>
      <file name="helpers.ts" path="/Users/Aweds/Desktop/kotani-test/src/utils/helpers.ts">
        <metrics statements="52" coveredstatements="29" conditionals="30" coveredconditionals="13" methods="7" coveredmethods="5"/>
        <line num="3" count="1" type="stmt"/>
        <line num="5" count="1" type="stmt"/>
        <line num="11" count="5" type="stmt"/>
        <line num="16" count="5" type="stmt"/>
        <line num="32" count="1" type="stmt"/>
        <line num="38" count="0" type="cond" truecount="0" falsecount="7"/>
        <line num="40" count="0" type="stmt"/>
        <line num="43" count="0" type="cond" truecount="0" falsecount="2"/>
        <line num="44" count="0" type="stmt"/>
        <line num="46" count="0" type="stmt"/>
        <line num="49" count="0" type="stmt"/>
        <line num="50" count="0" type="cond" truecount="0" falsecount="2"/>
        <line num="51" count="0" type="stmt"/>
        <line num="53" count="0" type="stmt"/>
        <line num="57" count="0" type="stmt"/>
        <line num="65" count="0" type="stmt"/>
        <line num="73" count="0" type="stmt"/>
        <line num="81" count="0" type="stmt"/>
        <line num="82" count="0" type="stmt"/>
        <line num="83" count="0" type="stmt"/>
        <line num="85" count="0" type="stmt"/>
        <line num="88" count="1" type="stmt"/>
        <line num="90" count="5" type="cond" truecount="1" falsecount="0"/>
        <line num="91" count="2" type="stmt"/>
        <line num="95" count="3" type="stmt"/>
        <line num="96" count="3" type="cond" truecount="0" falsecount="1"/>
        <line num="97" count="0" type="stmt"/>
        <line num="100" count="3" type="stmt"/>
        <line num="107" count="4" type="stmt"/>
        <line num="110" count="4" type="stmt"/>
        <line num="111" count="8" type="stmt"/>
        <line num="115" count="8" type="cond" truecount="3" falsecount="1"/>
        <line num="116" count="0" type="stmt"/>
        <line num="118" count="8" type="cond" truecount="2" falsecount="0"/>
        <line num="119" count="2" type="stmt"/>
        <line num="121" count="6" type="cond" truecount="3" falsecount="1"/>
        <line num="123" count="6" type="stmt"/>
        <line num="130" count="0" type="stmt"/>
        <line num="134" count="4" type="stmt"/>
        <line num="137" count="1" type="stmt"/>
        <line num="138" count="2" type="stmt"/>
        <line num="139" count="4" type="stmt"/>
        <line num="140" count="4" type="cond" truecount="2" falsecount="2"/>
        <line num="142" count="2" type="stmt"/>
        <line num="143" count="2" type="stmt"/>
        <line num="145" count="2" type="stmt"/>
        <line num="146" count="2" type="stmt"/>
        <line num="148" count="0" type="stmt"/>
        <line num="149" count="0" type="stmt"/>
        <line num="151" count="0" type="stmt"/>
        <line num="153" count="4" type="stmt"/>
        <line num="155" count="0" type="stmt"/>
      </file>
    </package>
  </project>
</coverage>
