{"/Users/Aweds/Desktop/kotani-test/src/app.ts": {"path":"/Users/Aweds/Desktop/kotani-test/src/app.ts","statementMap":{"0":{"start":{"line":1,"column":0},"end":{"line":1,"column":53}},"1":{"start":{"line":3,"column":0},"end":{"line":3,"column":28}},"2":{"start":{"line":5,"column":0},"end":{"line":5,"column":28}},"3":{"start":{"line":7,"column":0},"end":{"line":7,"column":67}},"4":{"start":{"line":9,"column":0},"end":{"line":9,"column":47}},"5":{"start":{"line":11,"column":25},"end":{"line":11,"column":34}},"6":{"start":{"line":13,"column":0},"end":{"line":13,"column":16}},"7":{"start":{"line":15,"column":0},"end":{"line":15,"column":18}},"8":{"start":{"line":17,"column":0},"end":{"line":17,"column":28}},"9":{"start":{"line":19,"column":0},"end":{"line":19,"column":25}},"10":{"start":{"line":21,"column":0},"end":{"line":21,"column":22}},"11":{"start":{"line":23,"column":0},"end":{"line":23,"column":19}}},"fnMap":{},"branchMap":{},"s":{"0":1,"1":1,"2":1,"3":1,"4":1,"5":1,"6":1,"7":1,"8":1,"9":1,"10":1,"11":1},"f":{},"b":{}}
,"/Users/Aweds/Desktop/kotani-test/src/components/components-route.routes.ts": {"path":"/Users/Aweds/Desktop/kotani-test/src/components/components-route.routes.ts","statementMap":{"0":{"start":{"line":1,"column":0},"end":{"line":1,"column":33}},"1":{"start":{"line":2,"column":0},"end":{"line":2,"column":54}},"2":{"start":{"line":3,"column":0},"end":{"line":3,"column":66}},"3":{"start":{"line":5,"column":24},"end":{"line":5,"column":32}},"4":{"start":{"line":7,"column":0},"end":{"line":7,"column":59}},"5":{"start":{"line":9,"column":0},"end":{"line":9,"column":31}}},"fnMap":{},"branchMap":{},"s":{"0":1,"1":1,"2":1,"3":1,"4":1,"5":1},"f":{},"b":{}}
,"/Users/Aweds/Desktop/kotani-test/src/components/accounts/account.actions.ts": {"path":"/Users/Aweds/Desktop/kotani-test/src/components/accounts/account.actions.ts","statementMap":{"0":{"start":{"line":2,"column":0},"end":{"line":2,"column":73}},"1":{"start":{"line":3,"column":0},"end":{"line":3,"column":38}},"2":{"start":{"line":4,"column":0},"end":{"line":4,"column":49}},"3":{"start":{"line":7,"column":2},"end":{"line":12,"column":null}},"4":{"start":{"line":8,"column":21},"end":{"line":8,"column":43}},"5":{"start":{"line":9,"column":4},"end":{"line":9,"column":50}},"6":{"start":{"line":11,"column":4},"end":{"line":11,"column":14}},"7":{"start":{"line":35,"column":9},"end":{"line":35,"column":22}},"8":{"start":{"line":20,"column":22},"end":{"line":20,"column":32}},"9":{"start":{"line":22,"column":25},"end":{"line":22,"column":52}},"10":{"start":{"line":24,"column":2},"end":{"line":25,"column":72}},"11":{"start":{"line":25,"column":4},"end":{"line":25,"column":72}},"12":{"start":{"line":27,"column":2},"end":{"line":32,"column":null}},"13":{"start":{"line":28,"column":20},"end":{"line":28,"column":56}},"14":{"start":{"line":29,"column":4},"end":{"line":29,"column":53}},"15":{"start":{"line":31,"column":4},"end":{"line":31,"column":14}},"16":{"start":{"line":35,"column":24},"end":{"line":35,"column":41}}},"fnMap":{"0":{"name":"getAllAccount","decl":{"start":{"line":6,"column":15},"end":{"line":6,"column":28}},"loc":{"start":{"line":6,"column":77},"end":{"line":13,"column":null}}},"1":{"name":"getAddressBalance","decl":{"start":{"line":15,"column":15},"end":{"line":15,"column":32}},"loc":{"start":{"line":18,"column":20},"end":{"line":33,"column":null}}}},"branchMap":{"0":{"loc":{"start":{"line":24,"column":2},"end":{"line":25,"column":72}},"type":"if","locations":[{"start":{"line":24,"column":2},"end":{"line":25,"column":72}}]}},"s":{"0":1,"1":1,"2":1,"3":1,"4":1,"5":1,"6":0,"7":1,"8":2,"9":2,"10":2,"11":1,"12":1,"13":1,"14":1,"15":0,"16":1},"f":{"0":1,"1":2},"b":{"0":[1]}}
,"/Users/Aweds/Desktop/kotani-test/src/components/accounts/account.model.ts": {"path":"/Users/Aweds/Desktop/kotani-test/src/components/accounts/account.model.ts","statementMap":{"0":{"start":{"line":2,"column":0},"end":{"line":2,"column":41}},"1":{"start":{"line":4,"column":22},"end":{"line":9,"column":2}},"2":{"start":{"line":11,"column":0},"end":{"line":11,"column":59}}},"fnMap":{},"branchMap":{},"s":{"0":1,"1":1,"2":1},"f":{},"b":{}}
,"/Users/Aweds/Desktop/kotani-test/src/components/accounts/account.routes.ts": {"path":"/Users/Aweds/Desktop/kotani-test/src/components/accounts/account.routes.ts","statementMap":{"0":{"start":{"line":1,"column":0},"end":{"line":1,"column":52}},"1":{"start":{"line":2,"column":0},"end":{"line":2,"column":33}},"2":{"start":{"line":3,"column":0},"end":{"line":3,"column":69}},"3":{"start":{"line":5,"column":22},"end":{"line":5,"column":30}},"4":{"start":{"line":7,"column":0},"end":{"line":9,"column":72}},"5":{"start":{"line":11,"column":0},"end":{"line":11,"column":29}}},"fnMap":{},"branchMap":{},"s":{"0":1,"1":1,"2":1,"3":1,"4":1,"5":1},"f":{},"b":{}}
,"/Users/Aweds/Desktop/kotani-test/src/components/transactions/transaction.actions.ts": {"path":"/Users/Aweds/Desktop/kotani-test/src/components/transactions/transaction.actions.ts","statementMap":{"0":{"start":{"line":1,"column":0},"end":{"line":1,"column":54}},"1":{"start":{"line":2,"column":0},"end":{"line":2,"column":73}},"2":{"start":{"line":4,"column":0},"end":{"line":4,"column":48}},"3":{"start":{"line":5,"column":0},"end":{"line":5,"column":46}},"4":{"start":{"line":12,"column":30},"end":{"line":12,"column":38}},"5":{"start":{"line":14,"column":2},"end":{"line":15,"column":70}},"6":{"start":{"line":15,"column":4},"end":{"line":15,"column":70}},"7":{"start":{"line":17,"column":20},"end":{"line":21,"column":4}},"8":{"start":{"line":23,"column":2},"end":{"line":46,"column":null}},"9":{"start":{"line":24,"column":30},"end":{"line":24,"column":70}},"10":{"start":{"line":26,"column":4},"end":{"line":28,"column":null}},"11":{"start":{"line":27,"column":6},"end":{"line":27,"column":50}},"12":{"start":{"line":30,"column":19},"end":{"line":30,"column":51}},"13":{"start":{"line":32,"column":4},"end":{"line":37,"column":14}},"14":{"start":{"line":38,"column":4},"end":{"line":43,"column":7}},"15":{"start":{"line":45,"column":4},"end":{"line":45,"column":16}},"16":{"start":{"line":49,"column":9},"end":{"line":49,"column":26}}},"fnMap":{"0":{"name":"doSignTransaction","decl":{"start":{"line":7,"column":15},"end":{"line":7,"column":32}},"loc":{"start":{"line":10,"column":20},"end":{"line":47,"column":null}}}},"branchMap":{"0":{"loc":{"start":{"line":14,"column":2},"end":{"line":15,"column":70}},"type":"if","locations":[{"start":{"line":14,"column":2},"end":{"line":15,"column":70}}]},"1":{"loc":{"start":{"line":14,"column":6},"end":{"line":14,"column":58}},"type":"binary-expr","locations":[{"start":{"line":14,"column":6},"end":{"line":14,"column":31}},{"start":{"line":14,"column":35},"end":{"line":14,"column":58}}]},"2":{"loc":{"start":{"line":26,"column":4},"end":{"line":28,"column":null}},"type":"if","locations":[{"start":{"line":26,"column":4},"end":{"line":28,"column":null}}]}},"s":{"0":1,"1":1,"2":1,"3":1,"4":2,"5":2,"6":1,"7":1,"8":1,"9":1,"10":1,"11":1,"12":1,"13":1,"14":1,"15":0,"16":1},"f":{"0":2},"b":{"0":[1],"1":[2,1],"2":[1]}}
,"/Users/Aweds/Desktop/kotani-test/src/components/transactions/transaction.model.ts": {"path":"/Users/Aweds/Desktop/kotani-test/src/components/transactions/transaction.model.ts","statementMap":{"0":{"start":{"line":2,"column":0},"end":{"line":2,"column":41}},"1":{"start":{"line":4,"column":26},"end":{"line":23,"column":null}},"2":{"start":{"line":26,"column":0},"end":{"line":26,"column":74}}},"fnMap":{},"branchMap":{},"s":{"0":1,"1":1,"2":1},"f":{},"b":{}}
,"/Users/Aweds/Desktop/kotani-test/src/components/transactions/transaction.routes.ts": {"path":"/Users/Aweds/Desktop/kotani-test/src/components/transactions/transaction.routes.ts","statementMap":{"0":{"start":{"line":1,"column":0},"end":{"line":1,"column":52}},"1":{"start":{"line":2,"column":0},"end":{"line":2,"column":33}},"2":{"start":{"line":3,"column":0},"end":{"line":3,"column":58}},"3":{"start":{"line":5,"column":26},"end":{"line":5,"column":34}},"4":{"start":{"line":7,"column":0},"end":{"line":11,"column":2}},"5":{"start":{"line":13,"column":0},"end":{"line":13,"column":33}}},"fnMap":{},"branchMap":{},"s":{"0":1,"1":1,"2":1,"3":1,"4":1,"5":1},"f":{},"b":{}}
,"/Users/Aweds/Desktop/kotani-test/src/services/db.ts": {"path":"/Users/Aweds/Desktop/kotani-test/src/services/db.ts","statementMap":{"0":{"start":{"line":1,"column":0},"end":{"line":1,"column":32}},"1":{"start":{"line":2,"column":0},"end":{"line":2,"column":51}},"2":{"start":{"line":4,"column":0},"end":{"line":6,"column":3}},"3":{"start":{"line":5,"column":2},"end":{"line":5,"column":43}},"4":{"start":{"line":8,"column":0},"end":{"line":8,"column":61}},"5":{"start":{"line":8,"column":41},"end":{"line":8,"column":59}},"6":{"start":{"line":9,"column":0},"end":{"line":9,"column":35}},"7":{"start":{"line":12,"column":2},"end":{"line":12,"column":58}},"8":{"start":{"line":19,"column":9},"end":{"line":19,"column":18}},"9":{"start":{"line":16,"column":2},"end":{"line":16,"column":30}},"10":{"start":{"line":19,"column":20},"end":{"line":19,"column":27}}},"fnMap":{"0":{"name":"(anonymous_8)","decl":{"start":{"line":4,"column":33},"end":{"line":4,"column":36}},"loc":{"start":{"line":4,"column":38},"end":{"line":6,"column":1}}},"1":{"name":"(anonymous_9)","decl":{"start":{"line":8,"column":32},"end":{"line":8,"column":33}},"loc":{"start":{"line":8,"column":41},"end":{"line":8,"column":59}}},"2":{"name":"connectDB","decl":{"start":{"line":11,"column":15},"end":{"line":11,"column":24}},"loc":{"start":{"line":11,"column":24},"end":{"line":13,"column":null}}},"3":{"name":"closeDB","decl":{"start":{"line":15,"column":15},"end":{"line":15,"column":22}},"loc":{"start":{"line":15,"column":22},"end":{"line":17,"column":null}}}},"branchMap":{},"s":{"0":1,"1":1,"2":1,"3":1,"4":1,"5":0,"6":1,"7":1,"8":1,"9":1,"10":1},"f":{"0":1,"1":0,"2":1,"3":1},"b":{}}
,"/Users/Aweds/Desktop/kotani-test/src/services/web3.ts": {"path":"/Users/Aweds/Desktop/kotani-test/src/services/web3.ts","statementMap":{"0":{"start":{"line":1,"column":0},"end":{"line":1,"column":24}},"1":{"start":{"line":5,"column":0},"end":{"line":5,"column":44}},"2":{"start":{"line":7,"column":33},"end":{"line":7,"column":42}},"3":{"start":{"line":9,"column":13},"end":{"line":9,"column":35}},"4":{"start":{"line":11,"column":19},"end":{"line":11,"column":55}},"5":{"start":{"line":20,"column":17},"end":{"line":20,"column":62}},"6":{"start":{"line":22,"column":18},"end":{"line":22,"column":53}},"7":{"start":{"line":24,"column":2},"end":{"line":24,"column":17}},"8":{"start":{"line":18,"column":0},"end":{"line":18,"column":22}},"9":{"start":{"line":43,"column":19},"end":{"line":47,"column":4}},"10":{"start":{"line":49,"column":19},"end":{"line":49,"column":47}},"11":{"start":{"line":52,"column":16},"end":{"line":52,"column":56}},"12":{"start":{"line":55,"column":13},"end":{"line":62,"column":4}},"13":{"start":{"line":65,"column":19},"end":{"line":67,"column":null}},"14":{"start":{"line":71,"column":29},"end":{"line":72,"column":null}},"15":{"start":{"line":75,"column":2},"end":{"line":75,"column":44}},"16":{"start":{"line":36,"column":0},"end":{"line":36,"column":22}}},"fnMap":{"0":{"name":"getBalance","decl":{"start":{"line":18,"column":22},"end":{"line":18,"column":32}},"loc":{"start":{"line":18,"column":48},"end":{"line":25,"column":null}}},"1":{"name":"signTransaction","decl":{"start":{"line":36,"column":22},"end":{"line":36,"column":37}},"loc":{"start":{"line":40,"column":15},"end":{"line":76,"column":null}}}},"branchMap":{"0":{"loc":{"start":{"line":39,"column":2},"end":{"line":39,"column":16}},"type":"default-arg","locations":[{"start":{"line":39,"column":10},"end":{"line":39,"column":16}}]}},"s":{"0":1,"1":1,"2":1,"3":1,"4":1,"5":1,"6":1,"7":1,"8":1,"9":1,"10":1,"11":1,"12":1,"13":1,"14":1,"15":1,"16":1},"f":{"0":1,"1":1},"b":{"0":[0]}}
,"/Users/Aweds/Desktop/kotani-test/src/utils/config.ts": {"path":"/Users/Aweds/Desktop/kotani-test/src/utils/config.ts","statementMap":{"0":{"start":{"line":1,"column":0},"end":{"line":1,"column":32}},"1":{"start":{"line":2,"column":0},"end":{"line":2,"column":9}},"2":{"start":{"line":4,"column":13},"end":{"line":11,"column":2}}},"fnMap":{},"branchMap":{},"s":{"0":1,"1":1,"2":1},"f":{},"b":{}}
,"/Users/Aweds/Desktop/kotani-test/src/utils/helpers.ts": {"path":"/Users/Aweds/Desktop/kotani-test/src/utils/helpers.ts","statementMap":{"0":{"start":{"line":3,"column":0},"end":{"line":3,"column":24}},"1":{"start":{"line":11,"column":22},"end":{"line":14,"column":4}},"2":{"start":{"line":16,"column":2},"end":{"line":16,"column":50}},"3":{"start":{"line":5,"column":0},"end":{"line":5,"column":16}},"4":{"start":{"line":32,"column":28},"end":{"line":86,"column":1}},"5":{"start":{"line":38,"column":2},"end":{"line":84,"column":null}},"6":{"start":{"line":40,"column":6},"end":{"line":40,"column":66}},"7":{"start":{"line":43,"column":21},"end":{"line":44,"column":null}},"8":{"start":{"line":44,"column":24},"end":{"line":44,"column":37}},"9":{"start":{"line":46,"column":6},"end":{"line":46,"column":46}},"10":{"start":{"line":49,"column":6},"end":{"line":49,"column":41}},"11":{"start":{"line":50,"column":6},"end":{"line":54,"column":null}},"12":{"start":{"line":51,"column":8},"end":{"line":51,"column":70}},"13":{"start":{"line":53,"column":8},"end":{"line":53,"column":65}},"14":{"start":{"line":57,"column":6},"end":{"line":62,"column":9}},"15":{"start":{"line":65,"column":6},"end":{"line":70,"column":9}},"16":{"start":{"line":73,"column":6},"end":{"line":78,"column":9}},"17":{"start":{"line":81,"column":6},"end":{"line":81,"column":50}},"18":{"start":{"line":82,"column":6},"end":{"line":82,"column":48}},"19":{"start":{"line":83,"column":6},"end":{"line":83,"column":63}},"20":{"start":{"line":85,"column":2},"end":{"line":85,"column":12}},"21":{"start":{"line":32,"column":13},"end":{"line":32,"column":28}},"22":{"start":{"line":90,"column":2},"end":{"line":92,"column":null}},"23":{"start":{"line":91,"column":4},"end":{"line":91,"column":17}},"24":{"start":{"line":95,"column":29},"end":{"line":95,"column":66}},"25":{"start":{"line":96,"column":2},"end":{"line":98,"column":null}},"26":{"start":{"line":97,"column":4},"end":{"line":97,"column":17}},"27":{"start":{"line":100,"column":2},"end":{"line":100,"column":14}},"28":{"start":{"line":88,"column":0},"end":{"line":88,"column":16}},"29":{"start":{"line":107,"column":23},"end":{"line":107,"column":30}},"30":{"start":{"line":110,"column":2},"end":{"line":132,"column":null}},"31":{"start":{"line":111,"column":18},"end":{"line":111,"column":26}},"32":{"start":{"line":115,"column":4},"end":{"line":131,"column":null}},"33":{"start":{"line":116,"column":6},"end":{"line":116,"column":60}},"34":{"start":{"line":118,"column":11},"end":{"line":131,"column":null}},"35":{"start":{"line":119,"column":6},"end":{"line":119,"column":60}},"36":{"start":{"line":121,"column":11},"end":{"line":131,"column":null}},"37":{"start":{"line":123,"column":6},"end":{"line":126,"column":25}},"38":{"start":{"line":130,"column":6},"end":{"line":130,"column":58}},"39":{"start":{"line":134,"column":2},"end":{"line":134,"column":22}},"40":{"start":{"line":138,"column":2},"end":{"line":157,"column":4}},"41":{"start":{"line":139,"column":4},"end":{"line":156,"column":null}},"42":{"start":{"line":140,"column":6},"end":{"line":152,"column":null}},"43":{"start":{"line":142,"column":10},"end":{"line":142,"column":51}},"44":{"start":{"line":143,"column":10},"end":{"line":143,"column":16}},"45":{"start":{"line":145,"column":10},"end":{"line":145,"column":55}},"46":{"start":{"line":146,"column":10},"end":{"line":146,"column":16}},"47":{"start":{"line":148,"column":10},"end":{"line":148,"column":77}},"48":{"start":{"line":149,"column":10},"end":{"line":149,"column":16}},"49":{"start":{"line":151,"column":10},"end":{"line":151,"column":65}},"50":{"start":{"line":153,"column":6},"end":{"line":153,"column":13}},"51":{"start":{"line":155,"column":6},"end":{"line":155,"column":18}},"52":{"start":{"line":137,"column":0},"end":{"line":137,"column":16}}},"fnMap":{"0":{"name":"handleResponse","decl":{"start":{"line":5,"column":16},"end":{"line":5,"column":30}},"loc":{"start":{"line":9,"column":12},"end":{"line":17,"column":1}}},"1":{"name":"(anonymous_2)","decl":{"start":{"line":32,"column":28},"end":{"line":32,"column":null}},"loc":{"start":{"line":37,"column":4},"end":{"line":86,"column":1}}},"2":{"name":"(anonymous_3)","decl":{"start":{"line":44,"column":8},"end":{"line":44,"column":9}},"loc":{"start":{"line":44,"column":24},"end":{"line":44,"column":37}}},"3":{"name":"validateEthAddress","decl":{"start":{"line":88,"column":16},"end":{"line":88,"column":34}},"loc":{"start":{"line":88,"column":50},"end":{"line":101,"column":1}}},"4":{"name":"sanitizeInputFields","decl":{"start":{"line":103,"column":9},"end":{"line":103,"column":28}},"loc":{"start":{"line":105,"column":19},"end":{"line":135,"column":1}}},"5":{"name":"sanitizeInput","decl":{"start":{"line":137,"column":16},"end":{"line":137,"column":29}},"loc":{"start":{"line":137,"column":65},"end":{"line":158,"column":1}}},"6":{"name":"(anonymous_7)","decl":{"start":{"line":138,"column":9},"end":{"line":138,"column":10}},"loc":{"start":{"line":138,"column":61},"end":{"line":157,"column":3}}}},"branchMap":{"0":{"loc":{"start":{"line":7,"column":2},"end":{"line":7,"column":26}},"type":"default-arg","locations":[{"start":{"line":7,"column":23},"end":{"line":7,"column":26}}]},"1":{"loc":{"start":{"line":12,"column":13},"end":{"line":12,"column":28}},"type":"binary-expr","locations":[{"start":{"line":12,"column":13},"end":{"line":12,"column":20}},{"start":{"line":12,"column":24},"end":{"line":12,"column":28}}]},"2":{"loc":{"start":{"line":38,"column":2},"end":{"line":84,"column":null}},"type":"switch","locations":[{"start":{"line":39,"column":4},"end":{"line":40,"column":66}},{"start":{"line":42,"column":4},"end":{"line":46,"column":46}},{"start":{"line":48,"column":4},"end":{"line":54,"column":null}},{"start":{"line":56,"column":4},"end":{"line":62,"column":9}},{"start":{"line":64,"column":4},"end":{"line":70,"column":9}},{"start":{"line":72,"column":4},"end":{"line":78,"column":9}},{"start":{"line":80,"column":4},"end":{"line":83,"column":63}}]},"3":{"loc":{"start":{"line":43,"column":35},"end":{"line":43,"column":51}},"type":"binary-expr","locations":[{"start":{"line":43,"column":35},"end":{"line":43,"column":45}},{"start":{"line":43,"column":49},"end":{"line":43,"column":51}}]},"4":{"loc":{"start":{"line":50,"column":6},"end":{"line":54,"column":null}},"type":"if","locations":[{"start":{"line":50,"column":6},"end":{"line":54,"column":null}},{"start":{"line":52,"column":13},"end":{"line":54,"column":null}}]},"5":{"loc":{"start":{"line":90,"column":2},"end":{"line":92,"column":null}},"type":"if","locations":[{"start":{"line":90,"column":2},"end":{"line":92,"column":null}}]},"6":{"loc":{"start":{"line":96,"column":2},"end":{"line":98,"column":null}},"type":"if","locations":[{"start":{"line":96,"column":2},"end":{"line":98,"column":null}}]},"7":{"loc":{"start":{"line":115,"column":4},"end":{"line":131,"column":null}},"type":"if","locations":[{"start":{"line":115,"column":4},"end":{"line":131,"column":null}},{"start":{"line":118,"column":11},"end":{"line":131,"column":null}}]},"8":{"loc":{"start":{"line":115,"column":8},"end":{"line":115,"column":58}},"type":"binary-expr","locations":[{"start":{"line":115,"column":8},"end":{"line":115,"column":33}},{"start":{"line":115,"column":37},"end":{"line":115,"column":58}}]},"9":{"loc":{"start":{"line":118,"column":11},"end":{"line":131,"column":null}},"type":"if","locations":[{"start":{"line":118,"column":11},"end":{"line":131,"column":null}},{"start":{"line":121,"column":11},"end":{"line":131,"column":null}}]},"10":{"loc":{"start":{"line":121,"column":11},"end":{"line":131,"column":null}},"type":"if","locations":[{"start":{"line":121,"column":11},"end":{"line":131,"column":null}},{"start":{"line":128,"column":11},"end":{"line":131,"column":null}}]},"11":{"loc":{"start":{"line":121,"column":15},"end":{"line":121,"column":59}},"type":"binary-expr","locations":[{"start":{"line":121,"column":15},"end":{"line":121,"column":40}},{"start":{"line":121,"column":44},"end":{"line":121,"column":59}}]},"12":{"loc":{"start":{"line":140,"column":6},"end":{"line":152,"column":null}},"type":"switch","locations":[{"start":{"line":141,"column":8},"end":{"line":143,"column":16}},{"start":{"line":144,"column":8},"end":{"line":146,"column":16}},{"start":{"line":147,"column":8},"end":{"line":149,"column":16}},{"start":{"line":150,"column":8},"end":{"line":151,"column":65}}]}},"s":{"0":1,"1":5,"2":5,"3":1,"4":1,"5":0,"6":0,"7":0,"8":0,"9":0,"10":0,"11":0,"12":0,"13":0,"14":0,"15":0,"16":0,"17":0,"18":0,"19":0,"20":0,"21":1,"22":5,"23":2,"24":3,"25":3,"26":0,"27":3,"28":1,"29":4,"30":4,"31":8,"32":8,"33":0,"34":8,"35":2,"36":6,"37":6,"38":0,"39":4,"40":2,"41":4,"42":4,"43":2,"44":2,"45":2,"46":2,"47":0,"48":0,"49":0,"50":4,"51":0,"52":1},"f":{"0":5,"1":0,"2":0,"3":5,"4":4,"5":2,"6":4},"b":{"0":[0],"1":[5,3],"2":[0,0,0,0,0,0,0],"3":[0,0],"4":[0,0],"5":[2],"6":[0],"7":[0,8],"8":[8,6],"9":[2,6],"10":[6,0],"11":[6,6],"12":[2,2,0,0]}}
}
