TN:
SF:src/app.ts
FNF:0
FNH:0
DA:1,1
DA:3,1
DA:5,1
DA:7,1
DA:9,1
DA:11,1
DA:13,1
DA:15,1
DA:17,1
DA:19,1
DA:21,1
DA:23,1
LF:12
LH:12
BRF:0
BRH:0
end_of_record
TN:
SF:src/components/components-route.routes.ts
FNF:0
FNH:0
DA:1,1
DA:2,1
DA:3,1
DA:5,1
DA:7,1
DA:9,1
LF:6
LH:6
BRF:0
BRH:0
end_of_record
TN:
SF:src/components/accounts/account.actions.ts
FN:6,getAllAccount
FN:15,getAddressBalance
FNF:2
FNH:2
FNDA:1,getAllAccount
FNDA:2,getAddressBalance
DA:2,1
DA:3,1
DA:4,1
DA:7,1
DA:8,1
DA:9,1
DA:11,0
DA:20,2
DA:22,2
DA:24,2
DA:25,1
DA:27,1
DA:28,1
DA:29,1
DA:31,0
DA:35,1
LF:16
LH:14
BRDA:24,0,0,1
BRF:1
BRH:1
end_of_record
TN:
SF:src/components/accounts/account.model.ts
FNF:0
FNH:0
DA:2,1
DA:4,1
DA:11,1
LF:3
LH:3
BRF:0
BRH:0
end_of_record
TN:
SF:src/components/accounts/account.routes.ts
FNF:0
FNH:0
DA:1,1
DA:2,1
DA:4,1
DA:6,1
DA:10,1
LF:5
LH:5
BRF:0
BRH:0
end_of_record
TN:
SF:src/components/transactions/transaction.actions.ts
FN:7,doSignTransaction
FNF:1
FNH:1
FNDA:2,doSignTransaction
DA:1,1
DA:2,1
DA:4,1
DA:5,1
DA:12,2
DA:14,2
DA:15,1
DA:17,1
DA:23,1
DA:24,1
DA:26,1
DA:27,0
DA:30,1
DA:32,1
DA:38,1
DA:45,0
DA:49,1
LF:17
LH:15
BRDA:14,0,0,1
BRDA:14,1,0,2
BRDA:14,1,1,1
BRDA:26,2,0,0
BRF:4
BRH:3
end_of_record
TN:
SF:src/components/transactions/transaction.model.ts
FNF:0
FNH:0
DA:2,1
DA:4,1
DA:26,1
LF:3
LH:3
BRF:0
BRH:0
end_of_record
TN:
SF:src/components/transactions/transaction.routes.ts
FNF:0
FNH:0
DA:1,1
DA:2,1
DA:4,1
DA:6,1
DA:8,1
LF:5
LH:5
BRF:0
BRH:0
end_of_record
TN:
SF:src/services/db.ts
FN:4,(anonymous_8)
FN:8,(anonymous_9)
FN:11,connectDB
FN:15,closeDB
FNF:4
FNH:3
FNDA:1,(anonymous_8)
FNDA:0,(anonymous_9)
FNDA:1,connectDB
FNDA:1,closeDB
DA:1,1
DA:2,1
DA:4,1
DA:5,1
DA:8,1
DA:9,1
DA:12,1
DA:16,1
DA:19,1
LF:9
LH:9
BRF:0
BRH:0
end_of_record
TN:
SF:src/services/web3.ts
FN:18,getBalance
FN:36,signTransaction
FNF:2
FNH:2
FNDA:1,getBalance
FNDA:1,signTransaction
DA:1,1
DA:5,1
DA:7,1
DA:9,1
DA:11,1
DA:18,1
DA:20,1
DA:22,1
DA:24,1
DA:36,1
DA:43,1
DA:49,1
DA:52,1
DA:55,1
DA:65,1
DA:71,1
DA:75,1
LF:17
LH:17
BRDA:39,0,0,0
BRF:1
BRH:0
end_of_record
TN:
SF:src/utils/config.ts
FNF:0
FNH:0
DA:1,1
DA:2,1
DA:4,1
LF:3
LH:3
BRF:0
BRH:0
end_of_record
TN:
SF:src/utils/helpers.ts
FN:4,handleResponse
FN:31,(anonymous_2)
FN:43,(anonymous_3)
FN:87,validateEthAddress
FNF:4
FNH:2
FNDA:5,handleResponse
FNDA:0,(anonymous_2)
FNDA:0,(anonymous_3)
FNDA:5,validateEthAddress
DA:2,1
DA:4,1
DA:10,5
DA:15,5
DA:31,1
DA:37,0
DA:39,0
DA:42,0
DA:43,0
DA:45,0
DA:48,0
DA:49,0
DA:50,0
DA:52,0
DA:56,0
DA:64,0
DA:72,0
DA:80,0
DA:81,0
DA:82,0
DA:84,0
DA:87,1
DA:89,5
DA:90,2
DA:94,3
DA:95,3
DA:96,0
DA:99,3
LF:28
LH:11
BRDA:6,0,0,0
BRDA:11,1,0,5
BRDA:11,1,1,3
BRDA:37,2,0,0
BRDA:37,2,1,0
BRDA:37,2,2,0
BRDA:37,2,3,0
BRDA:37,2,4,0
BRDA:37,2,5,0
BRDA:37,2,6,0
BRDA:42,3,0,0
BRDA:42,3,1,0
BRDA:49,4,0,0
BRDA:49,4,1,0
BRDA:89,5,0,2
BRDA:95,6,0,0
BRF:16
BRH:3
end_of_record
