TN:
SF:src/app.ts
FNF:0
FNH:0
DA:1,1
DA:3,1
DA:5,1
DA:7,1
DA:9,1
DA:11,1
DA:13,1
DA:15,1
DA:17,1
DA:19,1
DA:21,1
DA:23,1
LF:12
LH:12
BRF:0
BRH:0
end_of_record
TN:
SF:src/components/components-route.routes.ts
FNF:0
FNH:0
DA:1,1
DA:2,1
DA:3,1
DA:5,1
DA:7,1
DA:9,1
LF:6
LH:6
BRF:0
BRH:0
end_of_record
TN:
SF:src/components/accounts/account.actions.ts
FN:6,getAllAccount
FN:15,getAddressBalance
FNF:2
FNH:2
FNDA:1,getAllAccount
FNDA:2,getAddressBalance
DA:2,1
DA:3,1
DA:4,1
DA:7,1
DA:8,1
DA:9,1
DA:11,0
DA:20,2
DA:22,2
DA:24,2
DA:25,1
DA:27,1
DA:28,1
DA:29,1
DA:31,0
DA:35,1
LF:16
LH:14
BRDA:24,0,0,1
BRF:1
BRH:1
end_of_record
TN:
SF:src/components/accounts/account.model.ts
FNF:0
FNH:0
DA:2,1
DA:4,1
DA:11,1
LF:3
LH:3
BRF:0
BRH:0
end_of_record
TN:
SF:src/components/accounts/account.routes.ts
FNF:0
FNH:0
DA:1,1
DA:2,1
DA:3,1
DA:5,1
DA:7,1
DA:11,1
LF:6
LH:6
BRF:0
BRH:0
end_of_record
TN:
SF:src/components/transactions/transaction.actions.ts
FN:7,doSignTransaction
FNF:1
FNH:1
FNDA:2,doSignTransaction
DA:1,1
DA:2,1
DA:4,1
DA:5,1
DA:12,2
DA:14,2
DA:15,1
DA:17,1
DA:23,1
DA:24,1
DA:26,1
DA:27,1
DA:30,1
DA:32,1
DA:38,1
DA:45,0
DA:49,1
LF:17
LH:16
BRDA:14,0,0,1
BRDA:14,1,0,2
BRDA:14,1,1,1
BRDA:26,2,0,1
BRF:4
BRH:4
end_of_record
TN:
SF:src/components/transactions/transaction.model.ts
FNF:0
FNH:0
DA:2,1
DA:4,1
DA:26,1
LF:3
LH:3
BRF:0
BRH:0
end_of_record
TN:
SF:src/components/transactions/transaction.routes.ts
FNF:0
FNH:0
DA:1,1
DA:2,1
DA:3,1
DA:5,1
DA:7,1
DA:13,1
LF:6
LH:6
BRF:0
BRH:0
end_of_record
TN:
SF:src/services/db.ts
FN:4,(anonymous_8)
FN:8,(anonymous_9)
FN:11,connectDB
FN:15,closeDB
FNF:4
FNH:3
FNDA:1,(anonymous_8)
FNDA:0,(anonymous_9)
FNDA:1,connectDB
FNDA:1,closeDB
DA:1,1
DA:2,1
DA:4,1
DA:5,1
DA:8,1
DA:9,1
DA:12,1
DA:16,1
DA:19,1
LF:9
LH:9
BRF:0
BRH:0
end_of_record
TN:
SF:src/services/web3.ts
FN:18,getBalance
FN:36,signTransaction
FNF:2
FNH:2
FNDA:1,getBalance
FNDA:1,signTransaction
DA:1,1
DA:5,1
DA:7,1
DA:9,1
DA:11,1
DA:18,1
DA:20,1
DA:22,1
DA:24,1
DA:36,1
DA:43,1
DA:49,1
DA:52,1
DA:55,1
DA:65,1
DA:71,1
DA:75,1
LF:17
LH:17
BRDA:39,0,0,0
BRF:1
BRH:0
end_of_record
TN:
SF:src/utils/config.ts
FNF:0
FNH:0
DA:1,1
DA:2,1
DA:4,1
LF:3
LH:3
BRF:0
BRH:0
end_of_record
TN:
SF:src/utils/helpers.ts
FN:5,handleResponse
FN:32,(anonymous_2)
FN:44,(anonymous_3)
FN:88,validateEthAddress
FN:103,sanitizeInputFields
FN:137,sanitizeInput
FN:138,(anonymous_7)
FNF:7
FNH:5
FNDA:5,handleResponse
FNDA:0,(anonymous_2)
FNDA:0,(anonymous_3)
FNDA:5,validateEthAddress
FNDA:4,sanitizeInputFields
FNDA:2,sanitizeInput
FNDA:4,(anonymous_7)
DA:3,1
DA:5,1
DA:11,5
DA:16,5
DA:32,1
DA:38,0
DA:40,0
DA:43,0
DA:44,0
DA:46,0
DA:49,0
DA:50,0
DA:51,0
DA:53,0
DA:57,0
DA:65,0
DA:73,0
DA:81,0
DA:82,0
DA:83,0
DA:85,0
DA:88,1
DA:90,5
DA:91,2
DA:95,3
DA:96,3
DA:97,0
DA:100,3
DA:107,4
DA:110,4
DA:111,8
DA:115,8
DA:116,0
DA:118,8
DA:119,2
DA:121,6
DA:123,6
DA:130,0
DA:134,4
DA:137,1
DA:138,2
DA:139,4
DA:140,4
DA:142,2
DA:143,2
DA:145,2
DA:146,2
DA:148,0
DA:149,0
DA:151,0
DA:153,4
DA:155,0
LF:52
LH:29
BRDA:7,0,0,0
BRDA:12,1,0,5
BRDA:12,1,1,3
BRDA:38,2,0,0
BRDA:38,2,1,0
BRDA:38,2,2,0
BRDA:38,2,3,0
BRDA:38,2,4,0
BRDA:38,2,5,0
BRDA:38,2,6,0
BRDA:43,3,0,0
BRDA:43,3,1,0
BRDA:50,4,0,0
BRDA:50,4,1,0
BRDA:90,5,0,2
BRDA:96,6,0,0
BRDA:115,7,0,0
BRDA:115,7,1,8
BRDA:115,8,0,8
BRDA:115,8,1,6
BRDA:118,9,0,2
BRDA:118,9,1,6
BRDA:121,10,0,6
BRDA:121,10,1,0
BRDA:121,11,0,6
BRDA:121,11,1,6
BRDA:140,12,0,2
BRDA:140,12,1,2
BRDA:140,12,2,0
BRDA:140,12,3,0
BRF:30
BRH:13
end_of_record
